mode: set
github.com/desponda/inbox-whisperer/cmd/server/main.go:23.56,24.71 1 1
github.com/desponda/inbox-whisperer/cmd/server/main.go:24.71,28.3 3 1
github.com/desponda/inbox-whisperer/cmd/server/main.go:31.13,46.76 11 0
github.com/desponda/inbox-whisperer/cmd/server/main.go:46.76,48.3 1 0
github.com/desponda/inbox-whisperer/cmd/server/main.go:51.41,53.16 2 0
github.com/desponda/inbox-whisperer/cmd/server/main.go:53.16,56.3 2 0
github.com/desponda/inbox-whisperer/cmd/server/main.go:57.2,57.12 1 0
github.com/desponda/inbox-whisperer/cmd/server/main.go:60.41,64.2 2 0
github.com/desponda/inbox-whisperer/cmd/server/main.go:66.52,70.16 4 0
github.com/desponda/inbox-whisperer/cmd/server/main.go:70.16,72.3 1 0
github.com/desponda/inbox-whisperer/cmd/server/main.go:73.2,73.11 1 0
github.com/desponda/inbox-whisperer/cmd/server/main.go:76.67,85.15 5 1
github.com/desponda/inbox-whisperer/cmd/server/main.go:85.15,87.3 1 0
github.com/desponda/inbox-whisperer/cmd/server/main.go:89.2,90.39 2 1
github.com/desponda/inbox-whisperer/cmd/server/main.go:90.39,97.3 5 1
github.com/desponda/inbox-whisperer/cmd/server/main.go:99.2,99.65 1 1
github.com/desponda/inbox-whisperer/cmd/server/main.go:99.65,102.3 2 1
github.com/desponda/inbox-whisperer/cmd/server/main.go:104.2,104.10 1 1
github.com/desponda/inbox-whisperer/cmd/server/main.go:107.76,114.2 1 0
github.com/desponda/inbox-whisperer/cmd/server/main.go:116.46,119.12 3 0
github.com/desponda/inbox-whisperer/cmd/server/main.go:119.12,124.43 5 0
github.com/desponda/inbox-whisperer/cmd/server/main.go:124.43,126.4 1 0
github.com/desponda/inbox-whisperer/internal/config/config.go:29.50,31.16 2 0
github.com/desponda/inbox-whisperer/internal/config/config.go:31.16,33.3 1 0
github.com/desponda/inbox-whisperer/internal/config/config.go:34.2,37.41 4 0
github.com/desponda/inbox-whisperer/internal/config/config.go:37.41,39.3 1 0
github.com/desponda/inbox-whisperer/internal/config/config.go:40.2,40.18 1 0
github.com/desponda/inbox-whisperer/internal/api/auth.go:31.94,43.2 2 0
github.com/desponda/inbox-whisperer/internal/api/auth.go:46.75,52.2 4 0
github.com/desponda/inbox-whisperer/internal/api/auth.go:55.45,57.40 2 0
github.com/desponda/inbox-whisperer/internal/api/auth.go:57.40,59.3 1 0
github.com/desponda/inbox-whisperer/internal/api/auth.go:60.2,60.45 1 0
github.com/desponda/inbox-whisperer/internal/api/auth.go:64.78,67.16 3 1
github.com/desponda/inbox-whisperer/internal/api/auth.go:67.16,71.3 3 0
github.com/desponda/inbox-whisperer/internal/api/auth.go:73.2,75.66 3 1
github.com/desponda/inbox-whisperer/internal/api/auth.go:75.66,79.3 3 1
github.com/desponda/inbox-whisperer/internal/api/auth.go:80.2,81.16 2 1
github.com/desponda/inbox-whisperer/internal/api/auth.go:81.16,85.3 3 0
github.com/desponda/inbox-whisperer/internal/api/auth.go:86.2,87.16 2 1
github.com/desponda/inbox-whisperer/internal/api/auth.go:87.16,91.3 3 0
github.com/desponda/inbox-whisperer/internal/api/auth.go:94.2,95.145 2 1
github.com/desponda/inbox-whisperer/internal/api/auth.go:95.145,96.70 1 0
github.com/desponda/inbox-whisperer/internal/api/auth.go:96.70,99.4 2 0
github.com/desponda/inbox-whisperer/internal/api/auth.go:103.2,104.8 2 1
github.com/desponda/inbox-whisperer/internal/api/auth.go:104.8,106.17 2 0
github.com/desponda/inbox-whisperer/internal/api/auth.go:106.17,108.37 1 0
github.com/desponda/inbox-whisperer/internal/api/auth.go:108.37,112.45 3 0
github.com/desponda/inbox-whisperer/internal/api/auth.go:112.45,116.95 2 0
github.com/desponda/inbox-whisperer/internal/api/auth.go:116.95,118.7 1 0
github.com/desponda/inbox-whisperer/internal/api/auth.go:119.6,119.23 1 0
github.com/desponda/inbox-whisperer/internal/api/auth.go:122.4,126.6 1 0
github.com/desponda/inbox-whisperer/internal/api/auth.go:130.2,131.16 2 1
github.com/desponda/inbox-whisperer/internal/api/auth.go:131.16,135.3 3 0
github.com/desponda/inbox-whisperer/internal/api/auth.go:137.2,140.93 4 1
github.com/desponda/inbox-whisperer/internal/api/auth.go:144.106,146.16 2 0
github.com/desponda/inbox-whisperer/internal/api/auth.go:146.16,149.3 2 0
github.com/desponda/inbox-whisperer/internal/api/auth.go:150.2,151.17 2 0
github.com/desponda/inbox-whisperer/internal/api/auth.go:156.106,163.16 4 1
github.com/desponda/inbox-whisperer/internal/api/auth.go:163.16,165.3 1 0
github.com/desponda/inbox-whisperer/internal/api/auth.go:166.2,167.64 2 1
github.com/desponda/inbox-whisperer/internal/api/auth.go:167.64,169.3 1 0
github.com/desponda/inbox-whisperer/internal/api/auth.go:170.2,170.19 1 1
github.com/desponda/inbox-whisperer/internal/api/auth.go:170.19,172.3 1 1
github.com/desponda/inbox-whisperer/internal/api/auth.go:173.2,173.24 1 1
github.com/desponda/inbox-whisperer/internal/api/auth.go:178.99,182.2 3 0
github.com/desponda/inbox-whisperer/internal/api/email_handler.go:22.99,24.2 1 0
github.com/desponda/inbox-whisperer/internal/api/email_handler.go:28.85,32.20 4 0
github.com/desponda/inbox-whisperer/internal/api/email_handler.go:32.20,34.3 1 0
github.com/desponda/inbox-whisperer/internal/api/email_handler.go:34.8,36.19 2 0
github.com/desponda/inbox-whisperer/internal/api/email_handler.go:36.19,39.4 2 0
github.com/desponda/inbox-whisperer/internal/api/email_handler.go:40.3,41.31 2 0
github.com/desponda/inbox-whisperer/internal/api/email_handler.go:41.31,44.4 2 0
github.com/desponda/inbox-whisperer/internal/api/email_handler.go:47.2,49.60 3 0
github.com/desponda/inbox-whisperer/internal/api/email_handler.go:49.60,51.3 1 0
github.com/desponda/inbox-whisperer/internal/api/email_handler.go:52.2,53.44 2 0
github.com/desponda/inbox-whisperer/internal/api/email_handler.go:53.44,56.3 2 0
github.com/desponda/inbox-whisperer/internal/api/email_handler.go:57.2,58.16 2 0
github.com/desponda/inbox-whisperer/internal/api/email_handler.go:58.16,61.3 2 0
github.com/desponda/inbox-whisperer/internal/api/email_handler.go:62.2,63.33 2 0
github.com/desponda/inbox-whisperer/internal/api/email_handler.go:67.89,69.14 2 0
github.com/desponda/inbox-whisperer/internal/api/email_handler.go:69.14,72.3 2 0
github.com/desponda/inbox-whisperer/internal/api/email_handler.go:73.2,76.20 4 0
github.com/desponda/inbox-whisperer/internal/api/email_handler.go:76.20,78.3 1 0
github.com/desponda/inbox-whisperer/internal/api/email_handler.go:78.8,80.19 2 0
github.com/desponda/inbox-whisperer/internal/api/email_handler.go:80.19,83.4 2 0
github.com/desponda/inbox-whisperer/internal/api/email_handler.go:84.3,85.31 2 0
github.com/desponda/inbox-whisperer/internal/api/email_handler.go:85.31,88.4 2 0
github.com/desponda/inbox-whisperer/internal/api/email_handler.go:90.2,91.16 2 0
github.com/desponda/inbox-whisperer/internal/api/email_handler.go:91.16,92.33 1 0
github.com/desponda/inbox-whisperer/internal/api/email_handler.go:92.33,95.4 2 0
github.com/desponda/inbox-whisperer/internal/api/email_handler.go:96.3,97.9 2 0
github.com/desponda/inbox-whisperer/internal/api/email_handler.go:99.2,100.32 2 0
github.com/desponda/inbox-whisperer/internal/api/email_handler.go:105.90,111.2 5 0
github.com/desponda/inbox-whisperer/internal/api/jsonutil.go:8.71,11.17 3 1
github.com/desponda/inbox-whisperer/internal/api/jsonutil.go:11.17,13.3 1 1
github.com/desponda/inbox-whisperer/internal/api/jsonutil.go:16.55,20.2 3 1
github.com/desponda/inbox-whisperer/internal/api/jsonutil.go:22.66,24.2 1 1
github.com/desponda/inbox-whisperer/internal/api/user_handler.go:18.73,20.2 1 1
github.com/desponda/inbox-whisperer/internal/api/user_handler.go:24.74,26.14 2 1
github.com/desponda/inbox-whisperer/internal/api/user_handler.go:26.14,29.3 2 0
github.com/desponda/inbox-whisperer/internal/api/user_handler.go:30.2,33.44 2 1
github.com/desponda/inbox-whisperer/internal/api/user_handler.go:33.44,36.3 2 0
github.com/desponda/inbox-whisperer/internal/api/user_handler.go:38.2,38.63 1 1
github.com/desponda/inbox-whisperer/internal/api/user_handler.go:43.74,45.14 2 1
github.com/desponda/inbox-whisperer/internal/api/user_handler.go:45.14,48.3 2 0
github.com/desponda/inbox-whisperer/internal/api/user_handler.go:50.2,51.16 2 1
github.com/desponda/inbox-whisperer/internal/api/user_handler.go:51.16,55.3 3 1
github.com/desponda/inbox-whisperer/internal/api/user_handler.go:56.2,56.37 1 1
github.com/desponda/inbox-whisperer/internal/api/user_handler.go:59.68,61.2 1 0
github.com/desponda/inbox-whisperer/internal/api/user_handler.go:64.54,65.71 1 0
github.com/desponda/inbox-whisperer/internal/api/user_handler.go:65.71,68.61 3 0
github.com/desponda/inbox-whisperer/internal/api/user_handler.go:68.61,71.4 2 0
github.com/desponda/inbox-whisperer/internal/api/user_handler.go:72.3,72.23 1 0
github.com/desponda/inbox-whisperer/internal/api/user_handler.go:78.71,80.14 2 1
github.com/desponda/inbox-whisperer/internal/api/user_handler.go:80.14,83.3 2 0
github.com/desponda/inbox-whisperer/internal/api/user_handler.go:84.2,85.16 2 1
github.com/desponda/inbox-whisperer/internal/api/user_handler.go:85.16,88.3 2 1
github.com/desponda/inbox-whisperer/internal/api/user_handler.go:89.2,89.37 1 1
github.com/desponda/inbox-whisperer/internal/api/user_handler.go:94.74,96.2 1 1
github.com/desponda/inbox-whisperer/internal/mocks/mock_gmail_api.go:26.61,30.2 3 0
github.com/desponda/inbox-whisperer/internal/mocks/mock_gmail_api.go:33.59,35.2 1 0
github.com/desponda/inbox-whisperer/internal/mocks/mock_gmail_api.go:38.120,43.2 4 0
github.com/desponda/inbox-whisperer/internal/mocks/mock_gmail_api.go:46.94,49.2 2 0
github.com/desponda/inbox-whisperer/internal/mocks/mock_gmail_api.go:63.85,67.2 3 0
github.com/desponda/inbox-whisperer/internal/mocks/mock_gmail_api.go:70.83,72.2 1 0
github.com/desponda/inbox-whisperer/internal/mocks/mock_gmail_api.go:75.84,81.2 5 0
github.com/desponda/inbox-whisperer/internal/mocks/mock_gmail_api.go:84.82,87.2 2 0
github.com/desponda/inbox-whisperer/internal/mocks/mock_gmail_service.go:28.87,32.2 3 0
github.com/desponda/inbox-whisperer/internal/mocks/mock_gmail_service.go:35.85,37.2 1 0
github.com/desponda/inbox-whisperer/internal/mocks/mock_gmail_service.go:40.140,46.2 5 0
github.com/desponda/inbox-whisperer/internal/mocks/mock_gmail_service.go:49.111,52.2 2 0
github.com/desponda/inbox-whisperer/internal/mocks/mock_gmail_service.go:55.124,61.2 5 0
github.com/desponda/inbox-whisperer/internal/mocks/mock_gmail_service.go:64.101,67.2 2 0
github.com/desponda/inbox-whisperer/internal/service/user_service.go:23.78,25.2 1 1
github.com/desponda/inbox-whisperer/internal/service/user_service.go:27.80,29.2 1 1
github.com/desponda/inbox-whisperer/internal/service/user_service.go:31.72,33.2 1 1
github.com/desponda/inbox-whisperer/internal/service/user_service.go:36.76,38.16 2 0
github.com/desponda/inbox-whisperer/internal/service/user_service.go:38.16,41.3 1 0
github.com/desponda/inbox-whisperer/internal/service/user_service.go:42.2,42.22 1 0
github.com/desponda/inbox-whisperer/internal/service/user_service.go:42.22,44.3 1 0
github.com/desponda/inbox-whisperer/internal/service/user_service.go:45.2,46.33 2 0
github.com/desponda/inbox-whisperer/internal/service/user_service.go:49.68,51.2 1 1
github.com/desponda/inbox-whisperer/internal/service/user_service.go:53.85,55.2 1 1
github.com/desponda/inbox-whisperer/internal/service/user_service.go:57.80,59.2 1 1
github.com/desponda/inbox-whisperer/internal/session/cookiejar.go:9.49,11.2 1 1
github.com/desponda/inbox-whisperer/internal/session/session.go:31.49,32.71 1 1
github.com/desponda/inbox-whisperer/internal/session/session.go:32.71,35.39 3 1
github.com/desponda/inbox-whisperer/internal/session/session.go:35.39,44.4 2 1
github.com/desponda/inbox-whisperer/internal/session/session.go:44.9,46.4 1 1
github.com/desponda/inbox-whisperer/internal/session/session.go:47.3,51.9 5 1
github.com/desponda/inbox-whisperer/internal/session/session.go:51.9,54.4 2 1
github.com/desponda/inbox-whisperer/internal/session/session.go:55.3,55.40 1 1
github.com/desponda/inbox-whisperer/internal/session/session.go:60.76,62.2 1 0
github.com/desponda/inbox-whisperer/internal/session/session.go:65.79,68.38 3 1
github.com/desponda/inbox-whisperer/internal/session/session.go:68.38,77.3 2 1
github.com/desponda/inbox-whisperer/internal/session/session.go:77.8,79.3 1 1
github.com/desponda/inbox-whisperer/internal/session/session.go:80.2,82.16 3 1
github.com/desponda/inbox-whisperer/internal/session/session.go:86.43,89.2 2 1
github.com/desponda/inbox-whisperer/internal/session/session.go:92.81,94.38 2 1
github.com/desponda/inbox-whisperer/internal/session/session.go:94.38,96.3 1 0
github.com/desponda/inbox-whisperer/internal/session/session.go:97.2,98.46 2 1
github.com/desponda/inbox-whisperer/internal/session/session.go:98.46,99.25 1 1
github.com/desponda/inbox-whisperer/internal/session/session.go:99.25,101.4 1 0
github.com/desponda/inbox-whisperer/internal/session/session.go:102.3,102.27 1 1
github.com/desponda/inbox-whisperer/internal/session/session.go:104.2,104.16 1 1
github.com/desponda/inbox-whisperer/internal/session/session.go:108.58,110.38 2 1
github.com/desponda/inbox-whisperer/internal/session/session.go:110.38,112.3 1 0
github.com/desponda/inbox-whisperer/internal/session/session.go:113.2,115.68 3 1
github.com/desponda/inbox-whisperer/internal/session/session.go:115.68,117.3 1 1
github.com/desponda/inbox-whisperer/internal/session/session.go:118.2,118.11 1 0
github.com/desponda/inbox-whisperer/internal/session/session.go:122.44,125.2 2 1
github.com/desponda/inbox-whisperer/pkg/config/config.go:16.30,23.2 2 0
github.com/desponda/inbox-whisperer/pkg/config/config.go:26.37,27.34 1 0
github.com/desponda/inbox-whisperer/pkg/config/config.go:27.34,29.3 1 0
github.com/desponda/inbox-whisperer/pkg/config/config.go:30.2,30.12 1 0
github.com/desponda/inbox-whisperer/pkg/config/config.go:34.26,36.2 1 0
github.com/desponda/inbox-whisperer/internal/data/db.go:19.58,21.16 2 0
github.com/desponda/inbox-whisperer/internal/data/db.go:21.16,23.3 1 0
github.com/desponda/inbox-whisperer/internal/data/db.go:24.2,29.16 5 0
github.com/desponda/inbox-whisperer/internal/data/db.go:29.16,31.3 1 0
github.com/desponda/inbox-whisperer/internal/data/db.go:32.2,32.29 1 0
github.com/desponda/inbox-whisperer/internal/data/db.go:36.23,37.20 1 0
github.com/desponda/inbox-whisperer/internal/data/db.go:37.20,39.3 1 0
github.com/desponda/inbox-whisperer/internal/data/email_message_repository.go:23.83,25.2 1 0
github.com/desponda/inbox-whisperer/internal/data/email_message_repository.go:27.101,63.2 3 0
github.com/desponda/inbox-whisperer/internal/data/email_message_repository.go:65.131,70.16 5 0
github.com/desponda/inbox-whisperer/internal/data/email_message_repository.go:70.16,72.3 1 0
github.com/desponda/inbox-whisperer/internal/data/email_message_repository.go:73.2,73.18 1 0
github.com/desponda/inbox-whisperer/internal/data/email_message_repository.go:76.140,79.16 3 0
github.com/desponda/inbox-whisperer/internal/data/email_message_repository.go:79.16,81.3 1 0
github.com/desponda/inbox-whisperer/internal/data/email_message_repository.go:82.2,84.18 3 0
github.com/desponda/inbox-whisperer/internal/data/email_message_repository.go:84.18,87.17 3 0
github.com/desponda/inbox-whisperer/internal/data/email_message_repository.go:87.17,89.4 1 0
github.com/desponda/inbox-whisperer/internal/data/email_message_repository.go:90.3,90.28 1 0
github.com/desponda/inbox-whisperer/internal/data/email_message_repository.go:92.2,92.18 1 0
github.com/desponda/inbox-whisperer/internal/data/email_message_repository.go:95.182,101.47 2 0
github.com/desponda/inbox-whisperer/internal/data/email_message_repository.go:101.47,104.3 2 0
github.com/desponda/inbox-whisperer/internal/data/email_message_repository.go:104.8,107.3 2 0
github.com/desponda/inbox-whisperer/internal/data/email_message_repository.go:108.2,108.16 1 0
github.com/desponda/inbox-whisperer/internal/data/email_message_repository.go:108.16,110.3 1 0
github.com/desponda/inbox-whisperer/internal/data/email_message_repository.go:111.2,113.18 3 0
github.com/desponda/inbox-whisperer/internal/data/email_message_repository.go:113.18,116.17 3 0
github.com/desponda/inbox-whisperer/internal/data/email_message_repository.go:116.17,118.4 1 0
github.com/desponda/inbox-whisperer/internal/data/email_message_repository.go:119.3,119.28 1 0
github.com/desponda/inbox-whisperer/internal/data/email_message_repository.go:121.2,121.18 1 0
github.com/desponda/inbox-whisperer/internal/data/email_message_repository.go:124.98,127.2 2 0
github.com/desponda/inbox-whisperer/internal/data/testutil.go:22.35,25.2 2 1
github.com/desponda/inbox-whisperer/internal/data/testutil.go:27.46,28.47 1 1
github.com/desponda/inbox-whisperer/internal/data/testutil.go:28.47,30.3 1 1
github.com/desponda/inbox-whisperer/internal/data/testutil.go:31.2,39.16 4 1
github.com/desponda/inbox-whisperer/internal/data/testutil.go:39.16,42.3 2 0
github.com/desponda/inbox-whisperer/internal/data/testutil.go:42.8,44.3 1 1
github.com/desponda/inbox-whisperer/internal/data/testutil.go:46.2,48.16 3 1
github.com/desponda/inbox-whisperer/internal/data/testutil.go:48.16,51.3 2 0
github.com/desponda/inbox-whisperer/internal/data/testutil.go:54.2,55.25 2 1
github.com/desponda/inbox-whisperer/internal/data/testutil.go:55.25,58.17 3 1
github.com/desponda/inbox-whisperer/internal/data/testutil.go:58.17,61.22 2 1
github.com/desponda/inbox-whisperer/internal/data/testutil.go:61.22,63.10 2 1
github.com/desponda/inbox-whisperer/internal/data/testutil.go:64.10,66.5 1 0
github.com/desponda/inbox-whisperer/internal/data/testutil.go:68.3,69.30 2 0
github.com/desponda/inbox-whisperer/internal/data/testutil.go:71.2,71.31 1 1
github.com/desponda/inbox-whisperer/internal/data/testutil.go:71.31,73.3 1 0
github.com/desponda/inbox-whisperer/internal/data/testutil.go:77.2,79.80 3 1
github.com/desponda/inbox-whisperer/internal/data/testutil.go:79.80,81.3 1 1
github.com/desponda/inbox-whisperer/internal/data/testutil.go:82.2,83.49 2 1
github.com/desponda/inbox-whisperer/internal/data/testutil.go:83.49,85.3 1 0
github.com/desponda/inbox-whisperer/internal/data/testutil.go:86.2,91.16 3 1
github.com/desponda/inbox-whisperer/internal/data/testutil.go:91.16,93.3 1 0
github.com/desponda/inbox-whisperer/internal/data/testutil.go:94.2,95.76 2 1
github.com/desponda/inbox-whisperer/internal/data/testutil.go:95.76,98.3 2 0
github.com/desponda/inbox-whisperer/internal/data/testutil.go:100.2,101.20 2 1
github.com/desponda/inbox-whisperer/internal/data/testutil.go:101.20,104.3 2 1
github.com/desponda/inbox-whisperer/internal/data/testutil.go:105.2,105.20 1 1
github.com/desponda/inbox-whisperer/internal/data/user_repository.go:19.65,21.16 2 0
github.com/desponda/inbox-whisperer/internal/data/user_repository.go:21.16,23.3 1 0
github.com/desponda/inbox-whisperer/internal/data/user_repository.go:24.2,26.18 3 0
github.com/desponda/inbox-whisperer/internal/data/user_repository.go:26.18,28.66 2 0
github.com/desponda/inbox-whisperer/internal/data/user_repository.go:28.66,30.4 1 0
github.com/desponda/inbox-whisperer/internal/data/user_repository.go:31.3,31.28 1 0
github.com/desponda/inbox-whisperer/internal/data/user_repository.go:33.2,33.26 1 0
github.com/desponda/inbox-whisperer/internal/data/user_repository.go:37.68,43.2 2 0
github.com/desponda/inbox-whisperer/internal/data/user_repository.go:45.60,48.2 2 0
github.com/desponda/inbox-whisperer/internal/data/user_repository.go:50.77,53.73 3 0
github.com/desponda/inbox-whisperer/internal/data/user_repository.go:53.73,55.3 1 0
github.com/desponda/inbox-whisperer/internal/data/user_repository.go:56.2,56.19 1 0
github.com/desponda/inbox-whisperer/internal/data/user_repository.go:59.68,65.2 2 0
github.com/desponda/inbox-whisperer/internal/data/user_token_repository.go:18.92,20.16 2 1
github.com/desponda/inbox-whisperer/internal/data/user_token_repository.go:20.16,22.3 1 0
github.com/desponda/inbox-whisperer/internal/data/user_token_repository.go:23.2,28.12 2 1
github.com/desponda/inbox-whisperer/internal/data/user_token_repository.go:31.87,34.45 3 1
github.com/desponda/inbox-whisperer/internal/data/user_token_repository.go:34.45,36.3 1 0
github.com/desponda/inbox-whisperer/internal/data/user_token_repository.go:37.2,38.66 2 1
github.com/desponda/inbox-whisperer/internal/data/user_token_repository.go:38.66,40.3 1 0
github.com/desponda/inbox-whisperer/internal/data/user_token_repository.go:41.2,41.20 1 1
github.com/desponda/inbox-whisperer/internal/service/gmail/gmail_service.go:21.59,23.2 1 1
github.com/desponda/inbox-whisperer/internal/service/gmail/gmail_service.go:44.70,46.2 1 1
github.com/desponda/inbox-whisperer/internal/service/gmail/gmail_service.go:49.91,51.2 1 0
github.com/desponda/inbox-whisperer/internal/service/gmail/gmail_service.go:54.87,57.2 2 0
github.com/desponda/inbox-whisperer/internal/service/gmail/gmail_service.go:82.127,85.78 3 1
github.com/desponda/inbox-whisperer/internal/service/gmail/gmail_service.go:85.78,87.3 1 1
github.com/desponda/inbox-whisperer/internal/service/gmail/gmail_service.go:88.2,89.16 2 0
github.com/desponda/inbox-whisperer/internal/service/gmail/gmail_service.go:89.16,91.3 1 0
github.com/desponda/inbox-whisperer/internal/service/gmail/gmail_service.go:92.2,108.19 3 0
github.com/desponda/inbox-whisperer/internal/service/gmail/gmail_service.go:112.61,114.16 2 0
github.com/desponda/inbox-whisperer/internal/service/gmail/gmail_service.go:114.16,116.3 1 0
github.com/desponda/inbox-whisperer/internal/service/gmail/gmail_service.go:117.2,117.10 1 0
github.com/desponda/inbox-whisperer/internal/service/gmail/gmail_service.go:121.112,123.79 2 0
github.com/desponda/inbox-whisperer/internal/service/gmail/gmail_service.go:123.79,125.3 1 0
github.com/desponda/inbox-whisperer/internal/service/gmail/gmail_service.go:126.2,134.9 2 0
github.com/desponda/inbox-whisperer/internal/service/gmail/gmail_service.go:138.71,139.47 1 0
github.com/desponda/inbox-whisperer/internal/service/gmail/gmail_service.go:139.47,141.3 1 0
github.com/desponda/inbox-whisperer/internal/service/gmail/gmail_service.go:142.2,150.61 2 0
github.com/desponda/inbox-whisperer/internal/service/gmail/gmail_service.go:150.61,152.3 1 0
github.com/desponda/inbox-whisperer/internal/service/gmail/gmail_service.go:153.2,153.40 1 0
github.com/desponda/inbox-whisperer/internal/service/gmail/gmail_service.go:153.40,154.40 1 0
github.com/desponda/inbox-whisperer/internal/service/gmail/gmail_service.go:154.40,156.4 1 0
github.com/desponda/inbox-whisperer/internal/service/gmail/gmail_service.go:158.2,158.11 1 0
github.com/desponda/inbox-whisperer/internal/service/gmail/gmail_service.go:162.119,164.23 1 0
github.com/desponda/inbox-whisperer/internal/service/gmail/gmail_service.go:164.23,166.3 1 0
github.com/desponda/inbox-whisperer/internal/service/gmail/gmail_service.go:167.2,169.9 3 0
github.com/desponda/inbox-whisperer/internal/service/gmail/gmail_service.go:169.9,171.3 1 0
github.com/desponda/inbox-whisperer/internal/service/gmail/gmail_service.go:172.2,173.16 2 0
github.com/desponda/inbox-whisperer/internal/service/gmail/gmail_service.go:173.16,174.27 1 0
github.com/desponda/inbox-whisperer/internal/service/gmail/gmail_service.go:174.27,176.4 1 0
github.com/desponda/inbox-whisperer/internal/service/gmail/gmail_service.go:177.3,177.18 1 0
github.com/desponda/inbox-whisperer/internal/service/gmail/gmail_service.go:179.2,179.17 1 0
github.com/desponda/inbox-whisperer/internal/service/gmail/gmail_service.go:183.38,185.2 1 0
github.com/desponda/inbox-whisperer/internal/service/gmail/gmail_service.go:188.107,190.16 2 0
github.com/desponda/inbox-whisperer/internal/service/gmail/gmail_service.go:190.16,192.3 1 0
github.com/desponda/inbox-whisperer/internal/service/gmail/gmail_service.go:193.2,194.16 2 0
github.com/desponda/inbox-whisperer/internal/service/gmail/gmail_service.go:194.16,195.27 1 0
github.com/desponda/inbox-whisperer/internal/service/gmail/gmail_service.go:195.27,197.4 1 0
github.com/desponda/inbox-whisperer/internal/service/gmail/gmail_service.go:198.3,198.18 1 0
github.com/desponda/inbox-whisperer/internal/service/gmail/gmail_service.go:200.2,200.17 1 0
github.com/desponda/inbox-whisperer/internal/service/gmail/gmail_service.go:204.62,218.2 6 0
github.com/desponda/inbox-whisperer/internal/service/gmail/gmail_service.go:221.98,236.2 2 0
github.com/desponda/inbox-whisperer/internal/service/gmail/gmail_service.go:239.111,245.16 6 1
github.com/desponda/inbox-whisperer/internal/service/gmail/gmail_service.go:245.16,247.3 1 0
github.com/desponda/inbox-whisperer/internal/service/gmail/gmail_service.go:249.2,250.25 2 1
github.com/desponda/inbox-whisperer/internal/service/gmail/gmail_service.go:250.25,251.15 1 1
github.com/desponda/inbox-whisperer/internal/service/gmail/gmail_service.go:251.15,253.4 1 1
github.com/desponda/inbox-whisperer/internal/service/gmail/gmail_service.go:255.2,255.20 1 1
github.com/desponda/inbox-whisperer/internal/service/gmail/gmail_service.go:259.165,260.44 1 1
github.com/desponda/inbox-whisperer/internal/service/gmail/gmail_service.go:260.44,262.3 1 1
github.com/desponda/inbox-whisperer/internal/service/gmail/gmail_service.go:263.2,263.70 1 1
github.com/desponda/inbox-whisperer/internal/service/gmail/gmail_service.go:267.74,269.25 2 0
github.com/desponda/inbox-whisperer/internal/service/gmail/gmail_service.go:269.25,280.3 1 0
github.com/desponda/inbox-whisperer/internal/service/gmail/gmail_service.go:281.2,281.18 1 0
github.com/desponda/inbox-whisperer/internal/service/gmail/gmail_service.go:285.72,286.28 1 0
github.com/desponda/inbox-whisperer/internal/service/gmail/gmail_service.go:286.28,287.38 1 0
github.com/desponda/inbox-whisperer/internal/service/gmail/gmail_service.go:287.38,289.4 1 0
github.com/desponda/inbox-whisperer/internal/service/gmail/gmail_service.go:291.2,291.11 1 0
github.com/desponda/inbox-whisperer/internal/service/gmail/gmail_service.go:295.62,296.20 1 0
github.com/desponda/inbox-whisperer/internal/service/gmail/gmail_service.go:296.20,298.3 1 0
github.com/desponda/inbox-whisperer/internal/service/gmail/gmail_service.go:300.2,300.52 1 0
github.com/desponda/inbox-whisperer/internal/service/gmail/gmail_service.go:300.52,301.69 1 0
github.com/desponda/inbox-whisperer/internal/service/gmail/gmail_service.go:301.69,303.4 1 0
github.com/desponda/inbox-whisperer/internal/service/gmail/gmail_service.go:306.2,306.37 1 0
github.com/desponda/inbox-whisperer/internal/service/gmail/gmail_service.go:306.37,307.80 1 0
github.com/desponda/inbox-whisperer/internal/service/gmail/gmail_service.go:307.80,308.67 1 0
github.com/desponda/inbox-whisperer/internal/service/gmail/gmail_service.go:308.67,310.5 1 0
github.com/desponda/inbox-whisperer/internal/service/gmail/gmail_service.go:313.2,313.11 1 0
github.com/desponda/inbox-whisperer/internal/service/gmail/gmail_service.go:318.51,320.16 2 0
github.com/desponda/inbox-whisperer/internal/service/gmail/gmail_service.go:320.16,322.3 1 0
github.com/desponda/inbox-whisperer/internal/service/gmail/gmail_service.go:323.2,323.29 1 0
